The following modules were not unloaded:
  (Use "module --force purge" to unload all):

  1) CCconfig        6)  ucx/1.14.1         11) flexiblas/3.3.1
  2) gentoo/2023     7)  libfabric/1.18.0   12) imkl/2023.2.0
  3) gcccore/.12.3   8)  pmix/4.2.4         13) StdEnvACCRE/2023
  4) gcc/12.3        9)  ucc/1.2.0
  5) hwloc/2.9.1     10) openmpi/4.1.5
Lmod Warning:
-------------------------------------------------------------------------------
The following dependent module(s) are not currently loaded: scipy-stack/2023b
(required by: plumed/2.9.0, ambertools/25.0)
-------------------------------------------------------------------------------




The following have been reloaded with a version change:
  1) ipykernel/2023b => ipykernel/2025a
  2) scipy-stack/2023b => scipy-stack/2025a

Lmod Warning:
-------------------------------------------------------------------------------
The following dependent module(s) are not currently loaded: scipy-stack/2025a
(required by: amber/24)
-------------------------------------------------------------------------------




Inactive Modules:
  1) arrayfire/3.9.0     2) cudnn/8.9.5.29     3) glfw/3.3.8     4) spdlog/1.11.0

Due to MODULEPATH changes, the following have been reloaded:
  1) ambertools/25.0     2) plumed/2.9.0     3) ucc-cuda/1.2.0     4) ucx-cuda/1.14.1

The following have been reloaded with a version change:
  1) cuda/12.2 => cuda/12.6
  2) cudacore/.12.2.2 => cudacore/.12.6.2
  3) ipykernel/2025a => ipykernel/2023b
  4) nccl/2.18.3 => nccl/2.26.2
  5) scipy-stack/2025a => scipy-stack/2023b

